<?xml version="1.0" encoding="UTF-8"?>
<testng-results ignored="0" total="2" passed="2" failed="0" skipped="0">
  <reporter-output>
  </reporter-output>
  <suite started-at="2020-08-20T12:37:11 PDT" name="Suite" finished-at="2020-08-20T12:37:16 PDT" duration-ms="4929">
    <groups>
    </groups>
    <test started-at="2020-08-20T12:37:11 PDT" name="TestOnChrome" finished-at="2020-08-20T12:37:15 PDT" duration-ms="4251">
      <class name="com.TestNG.HomeworkCrossBrowserOrangeHRM">
        <test-method is-config="true" signature="setup(java.lang.String)[pri:0, instance:com.TestNG.HomeworkCrossBrowserOrangeHRM@4278a03f]" started-at="2020-08-20T12:37:11 PDT" name="setup" finished-at="2020-08-20T12:37:14 PDT" duration-ms="3380" status="PASS">
          <params>
            <param index="0">
              <value>
                <![CDATA[chrome]]>
              </value>
            </param>
          </params>
          <reporter-output>
          </reporter-output>
        </test-method> <!-- setup -->
        <test-method signature="facebook()[pri:0, instance:com.TestNG.HomeworkCrossBrowserOrangeHRM@4278a03f]" started-at="2020-08-20T12:37:14 PDT" name="facebook" finished-at="2020-08-20T12:37:15 PDT" duration-ms="827" status="PASS">
          <reporter-output>
          </reporter-output>
        </test-method> <!-- facebook -->
        <test-method is-config="true" signature="tearDown()[pri:0, instance:com.TestNG.HomeworkCrossBrowserOrangeHRM@4278a03f]" started-at="2020-08-20T12:37:15 PDT" name="tearDown" finished-at="2020-08-20T12:37:15 PDT" duration-ms="39" status="PASS">
          <reporter-output>
          </reporter-output>
        </test-method> <!-- tearDown -->
      </class> <!-- com.TestNG.HomeworkCrossBrowserOrangeHRM -->
    </test> <!-- TestOnChrome -->
    <test started-at="2020-08-20T12:37:11 PDT" name="TestOnFirefox" finished-at="2020-08-20T12:37:16 PDT" duration-ms="4929">
      <class name="com.TestNG.HomeworkCrossBrowserOrangeHRM">
        <test-method is-config="true" signature="setup(java.lang.String)[pri:0, instance:com.TestNG.HomeworkCrossBrowserOrangeHRM@5e316c74]" started-at="2020-08-20T12:37:11 PDT" name="setup" finished-at="2020-08-20T12:37:14 PDT" duration-ms="2974" status="PASS">
          <params>
            <param index="0">
              <value>
                <![CDATA[firefox]]>
              </value>
            </param>
          </params>
          <reporter-output>
          </reporter-output>
        </test-method> <!-- setup -->
        <test-method signature="facebook()[pri:0, instance:com.TestNG.HomeworkCrossBrowserOrangeHRM@5e316c74]" started-at="2020-08-20T12:37:14 PDT" name="facebook" finished-at="2020-08-20T12:37:15 PDT" duration-ms="1133" status="PASS">
          <reporter-output>
          </reporter-output>
        </test-method> <!-- facebook -->
        <test-method is-config="true" signature="tearDown()[pri:0, instance:com.TestNG.HomeworkCrossBrowserOrangeHRM@5e316c74]" started-at="2020-08-20T12:37:15 PDT" name="tearDown" finished-at="2020-08-20T12:37:16 PDT" duration-ms="803" status="PASS">
          <reporter-output>
          </reporter-output>
        </test-method> <!-- tearDown -->
      </class> <!-- com.TestNG.HomeworkCrossBrowserOrangeHRM -->
    </test> <!-- TestOnFirefox -->
  </suite> <!-- Suite -->
</testng-results>
