<?xml version="1.0" encoding="UTF-8"?>
<testng-results ignored="0" total="1" passed="1" failed="0" skipped="0">
  <reporter-output>
  </reporter-output>
  <suite started-at="2020-08-24T11:48:48 PDT" name="Suite" finished-at="2020-08-24T11:48:56 PDT" duration-ms="8666">
    <groups>
    </groups>
    <test started-at="2020-08-24T11:48:48 PDT" name="Test" finished-at="2020-08-24T11:48:56 PDT" duration-ms="8666">
      <class name="com.TestNG.OrangeHRM">
        <test-method is-config="true" signature="launchapp()[pri:0, instance:com.TestNG.OrangeHRM@6ce139a4]" started-at="2020-08-24T11:48:48 PDT" name="launchapp" finished-at="2020-08-24T11:48:54 PDT" duration-ms="6785" status="PASS">
          <reporter-output>
          </reporter-output>
        </test-method> <!-- launchapp -->
        <test-method signature="login()[pri:0, instance:com.TestNG.OrangeHRM@6ce139a4]" started-at="2020-08-24T11:48:54 PDT" name="login" finished-at="2020-08-24T11:48:56 PDT" duration-ms="1858" status="PASS">
          <reporter-output>
          </reporter-output>
        </test-method> <!-- login -->
        <test-method is-config="true" signature="closeapp()[pri:0, instance:com.TestNG.OrangeHRM@6ce139a4]" started-at="2020-08-24T11:48:56 PDT" name="closeapp" finished-at="2020-08-24T11:48:56 PDT" duration-ms="0" status="PASS">
          <reporter-output>
          </reporter-output>
        </test-method> <!-- closeapp -->
      </class> <!-- com.TestNG.OrangeHRM -->
    </test> <!-- Test -->
  </suite> <!-- Suite -->
</testng-results>
