<?xml version="1.0" encoding="UTF-8"?>
<!-- Generated by org.testng.reporters.JUnitXMLReporter -->
<testsuite ignored="0" hostname="DESKTOP-VNAFMO3" failures="0" tests="3" name="Default test" time="34.203" errors="0" timestamp="2020-08-20T12:28:54 PDT">
  <testcase classname="com.TestNG.HomeworkDataProviderOrangeHRM" name="loginTofacebook" time="13.129"/>
  <testcase classname="com.TestNG.HomeworkDataProviderOrangeHRM" name="loginTofacebook" time="9.675"/>
  <testcase classname="com.TestNG.HomeworkDataProviderOrangeHRM" name="loginTofacebook" time="9.617"/>
</testsuite> <!-- Default test -->
