<?xml version="1.0" encoding="UTF-8"?>
<!-- Generated by org.testng.reporters.JUnitXMLReporter -->
<testsuite ignored="1" hostname="DESKTOP-VNAFMO3" failures="0" tests="2" name="Test" time="0.032" errors="0" timestamp="2020-08-19T10:49:32 PDT">
  <testcase classname="com.TestNG.DependsUponGroup" name="testcase2" time="0.005"/>
  <testcase classname="com.TestNG.DependsUponGroup" name="testcase3" time="0.001"/>
  <testcase classname="com.TestNG.DependsUponGroup" name="testcase1" time="0.0">
    <ignored/>
  </testcase> <!-- testcase1 -->
</testsuite> <!-- Test -->
